[debug] [2023-03-25T23:53:25.168Z] ----------------------------------------------------------------------
[debug] [2023-03-25T23:53:25.170Z] Command:       C:\Program Files\nodejs\node.exe C:\Users\aklimchu\AppData\Roaming\npm\node_modules\firebase-tools\lib\bin\firebase.js init
[debug] [2023-03-25T23:53:25.170Z] CLI Version:   11.25.1
[debug] [2023-03-25T23:53:25.170Z] Platform:      win32
[debug] [2023-03-25T23:53:25.171Z] Node Version:  v18.14.0
[debug] [2023-03-25T23:53:25.172Z] Time:          Sun Mar 26 2023 00:53:25 GMT+0100 (Central European Standard Time)
[debug] [2023-03-25T23:53:25.172Z] ----------------------------------------------------------------------
[debug] 
[debug] [2023-03-25T23:53:25.237Z] > command requires scopes: ["email","openid","https://www.googleapis.com/auth/cloudplatformprojects.readonly","https://www.googleapis.com/auth/firebase","https://www.googleapis.com/auth/cloud-platform"]
[debug] [2023-03-25T23:53:25.238Z] > authorizing via signed-in user (crazy.pro.noob@gmail.com)
[info] 
     ######## #### ########  ######## ########     ###     ######  ########
     ##        ##  ##     ## ##       ##     ##  ##   ##  ##       ##
     ######    ##  ########  ######   ########  #########  ######  ######
     ##        ##  ##    ##  ##       ##     ## ##     ##       ## ##
     ##       #### ##     ## ######## ########  ##     ##  ######  ########

You're about to initialize a Firebase project in this directory:

  C:\Users\aklimchu\Downloads\Projects\section18-project1-main-project

Before we get started, keep in mind:

  * You are initializing within an existing Firebase project directory

[info] 
=== Project Setup
[info] 
[info] First, let's associate this project directory with a Firebase project.
[info] You can create multiple project aliases by running firebase use --add, 
[info] but for now we'll just set up a default project.
[info] 
[info] i  If you want to create a project in a Google Cloud organization or folder, please use "firebase projects:create" instead, and return to this command when you've created the project. 
[debug] [2023-03-25T23:54:16.662Z] >>> [apiv2][query] POST https://cloudresourcemanager.googleapis.com/v1/projects [none]
[debug] [2023-03-25T23:54:16.663Z] >>> [apiv2][body] POST https://cloudresourcemanager.googleapis.com/v1/projects {"projectId":"pet-demo-find-a-coach-app","name":"pet-demo-find-a-coach-app"}
[debug] [2023-03-25T23:54:17.625Z] <<< [apiv2][status] POST https://cloudresourcemanager.googleapis.com/v1/projects 200
[debug] [2023-03-25T23:54:17.625Z] <<< [apiv2][body] POST https://cloudresourcemanager.googleapis.com/v1/projects {"name":"operations/cp.4992724069822912917"}
[debug] [2023-03-25T23:54:17.626Z] >>> [apiv2][query] GET https://cloudresourcemanager.googleapis.com/v1/operations/cp.4992724069822912917 [none]
[debug] [2023-03-25T23:54:18.583Z] <<< [apiv2][status] GET https://cloudresourcemanager.googleapis.com/v1/operations/cp.4992724069822912917 200
[debug] [2023-03-25T23:54:18.583Z] <<< [apiv2][body] GET https://cloudresourcemanager.googleapis.com/v1/operations/cp.4992724069822912917 {"name":"operations/cp.4992724069822912917"}
[debug] [2023-03-25T23:54:19.098Z] [Project Creation Poller] Retrying task index 0
[debug] [2023-03-25T23:54:19.099Z] >>> [apiv2][query] GET https://cloudresourcemanager.googleapis.com/v1/operations/cp.4992724069822912917 [none]
[debug] [2023-03-25T23:54:20.104Z] <<< [apiv2][status] GET https://cloudresourcemanager.googleapis.com/v1/operations/cp.4992724069822912917 200
[debug] [2023-03-25T23:54:20.104Z] <<< [apiv2][body] GET https://cloudresourcemanager.googleapis.com/v1/operations/cp.4992724069822912917 {"name":"operations/cp.4992724069822912917","metadata":{"@type":"type.googleapis.com/google.cloudresourcemanager.v1.ProjectCreationStatus","gettable":true}}
[debug] [2023-03-25T23:54:21.108Z] [Project Creation Poller] Retrying task index 0
[debug] [2023-03-25T23:54:21.109Z] >>> [apiv2][query] GET https://cloudresourcemanager.googleapis.com/v1/operations/cp.4992724069822912917 [none]
[debug] [2023-03-25T23:54:22.125Z] <<< [apiv2][status] GET https://cloudresourcemanager.googleapis.com/v1/operations/cp.4992724069822912917 200
[debug] [2023-03-25T23:54:22.125Z] <<< [apiv2][body] GET https://cloudresourcemanager.googleapis.com/v1/operations/cp.4992724069822912917 {"name":"operations/cp.4992724069822912917","metadata":{"@type":"type.googleapis.com/google.cloudresourcemanager.v1.ProjectCreationStatus","gettable":true,"ready":true},"done":true,"response":{"@type":"type.googleapis.com/google.cloudresourcemanager.v1.Project","projectNumber":"686869422741","projectId":"pet-demo-find-a-coach-app","lifecycleState":"ACTIVE","name":"pet-demo-find-a-coach-app","createTime":"2023-03-25T23:54:19.027Z"}}
[debug] [2023-03-25T23:54:22.127Z] >>> [apiv2][query] POST https://firebase.googleapis.com/v1beta1/projects/pet-demo-find-a-coach-app:addFirebase [none]
[debug] [2023-03-25T23:54:23.176Z] <<< [apiv2][status] POST https://firebase.googleapis.com/v1beta1/projects/pet-demo-find-a-coach-app:addFirebase 403
[debug] [2023-03-25T23:54:23.176Z] <<< [apiv2][body] POST https://firebase.googleapis.com/v1beta1/projects/pet-demo-find-a-coach-app:addFirebase {"error":{"code":403,"message":"The caller does not have permission","status":"PERMISSION_DENIED"}}
[debug] [2023-03-25T23:54:23.177Z] HTTP Error: 403, The caller does not have permission
[debug] [2023-03-25T23:54:23.310Z] FirebaseError: HTTP Error: 403, The caller does not have permission
    at responseToError (C:\Users\aklimchu\AppData\Roaming\npm\node_modules\firebase-tools\lib\responseToError.js:49:12)
    at RetryOperation._fn (C:\Users\aklimchu\AppData\Roaming\npm\node_modules\firebase-tools\lib\apiv2.js:288:77)
    at process.processTicksAndRejections (node:internal/process/task_queues:95:5)
[error] 
[error] Error: Failed to add Firebase to Google Cloud Platform project. See firebase-debug.log for more info.
[debug] [2023-03-25T23:57:56.165Z] ----------------------------------------------------------------------
[debug] [2023-03-25T23:57:56.167Z] Command:       C:\Program Files\nodejs\node.exe C:\Users\aklimchu\AppData\Roaming\npm\node_modules\firebase-tools\lib\bin\firebase.js init
[debug] [2023-03-25T23:57:56.167Z] CLI Version:   11.25.1
[debug] [2023-03-25T23:57:56.167Z] Platform:      win32
[debug] [2023-03-25T23:57:56.167Z] Node Version:  v18.14.0
[debug] [2023-03-25T23:57:56.169Z] Time:          Sun Mar 26 2023 00:57:56 GMT+0100 (Central European Standard Time)
[debug] [2023-03-25T23:57:56.169Z] ----------------------------------------------------------------------
[debug] 
[debug] [2023-03-25T23:57:56.236Z] > command requires scopes: ["email","openid","https://www.googleapis.com/auth/cloudplatformprojects.readonly","https://www.googleapis.com/auth/firebase","https://www.googleapis.com/auth/cloud-platform"]
[debug] [2023-03-25T23:57:56.237Z] > authorizing via signed-in user (crazy.pro.noob@gmail.com)
[info] 
     ######## #### ########  ######## ########     ###     ######  ########
     ##        ##  ##     ## ##       ##     ##  ##   ##  ##       ##
     ######    ##  ########  ######   ########  #########  ######  ######
     ##        ##  ##    ##  ##       ##     ## ##     ##       ## ##
     ##       #### ##     ## ######## ########  ##     ##  ######  ########

You're about to initialize a Firebase project in this directory:

  C:\Users\aklimchu\Downloads\Projects\section18-project1-main-project

Before we get started, keep in mind:

  * You are initializing within an existing Firebase project directory

[info] 
=== Project Setup
[info] 
[info] First, let's associate this project directory with a Firebase project.
[info] You can create multiple project aliases by running firebase use --add, 
[info] but for now we'll just set up a default project.
[info] 
[debug] [2023-03-25T23:58:17.303Z] >>> [apiv2][query] GET https://firebase.googleapis.com/v1beta1/projects pageSize=100
[debug] [2023-03-25T23:58:17.960Z] <<< [apiv2][status] GET https://firebase.googleapis.com/v1beta1/projects 200
[debug] [2023-03-25T23:58:17.960Z] <<< [apiv2][body] GET https://firebase.googleapis.com/v1beta1/projects [omitted]
[info] i  Using project simple-find-a-coach-app (find-a-coach) 
[info] 
=== Hosting Setup
[info] 
[info] Your public directory is the folder (relative to your project directory) that
[info] will contain Hosting assets to be uploaded with firebase deploy. If you
[info] have a build process for your assets, use your build's output directory.
[info] 
[info] +  Wrote dist/404.html 
[debug] [2023-03-25T23:58:51.542Z] >>> [apiv2][query] GET https://www.gstatic.com/firebasejs/releases.json [none]
[debug] [2023-03-25T23:58:51.682Z] <<< [apiv2][status] GET https://www.gstatic.com/firebasejs/releases.json 200
[debug] [2023-03-25T23:58:51.682Z] <<< [apiv2][body] GET https://www.gstatic.com/firebasejs/releases.json {"current":{"version":"9.18.0","browserURL":"https://www.gstatic.com/firebasejs/9.18.0/firebase.js","packageURL":"https://www.gstatic.com/firebasejs/9.18.0/firebase.tgz"},"live":{"version":"9.18","browserURL":"https://www.gstatic.com/firebasejs/live/9.18/firebase.js","packageURL":"https://www.gstatic.com/firebasejs/live/9.18/firebase.tgz"},"components":{"analytics":"https://www.gstatic.com/firebasejs/9.18.0/firebase-analytics.js","app":"https://www.gstatic.com/firebasejs/9.18.0/firebase-app.js","app-check":"https://www.gstatic.com/firebasejs/9.18.0/firebase-app-check.js","auth":"https://www.gstatic.com/firebasejs/9.18.0/firebase-auth.js","auth/cordova":"https://www.gstatic.com/firebasejs/9.18.0/firebase-auth/cordova.js","auth/react-native":"https://www.gstatic.com/firebasejs/9.18.0/firebase-auth/react-native.js","functions":"https://www.gstatic.com/firebasejs/9.18.0/firebase-functions.js","firestore":"https://www.gstatic.com/firebasejs/9.18.0/firebase-firestore.js","firestore/lite":"https://www.gstatic.com/firebasejs/9.18.0/firebase-firestore/lite.js","installations":"https://www.gstatic.com/firebasejs/9.18.0/firebase-installations.js","storage":"https://www.gstatic.com/firebasejs/9.18.0/firebase-storage.js","performance":"https://www.gstatic.com/firebasejs/9.18.0/firebase-performance.js","remote-config":"https://www.gstatic.com/firebasejs/9.18.0/firebase-remote-config.js","messaging":"https://www.gstatic.com/firebasejs/9.18.0/firebase-messaging.js","messaging/sw":"https://www.gstatic.com/firebasejs/9.18.0/firebase-messaging/sw.js","database":"https://www.gstatic.com/firebasejs/9.18.0/firebase-database.js","firestore.memory":"https://www.gstatic.com/firebasejs/9.18.0/firebase-firestore.memory.js"}}
[info] +  Wrote dist/index.html 
[info] 
[info] i  Didn't detect a .git folder. Assuming C:\Users\aklimchu\Downloads\Projects\section18-project1-main-project is the project root. 
[info] i  Authorizing with GitHub to upload your service account to a GitHub repository's secrets store. 
[info] 
[info] Visit this URL on this device to log in:
[info] https://github.com/login/oauth/authorize?client_id=89cf50f02ac6aaed3484&state=418917547&redirect_uri=http%3A%2F%2Flocalhost%3A9005&scope=read%3Auser%20repo%20public_repo
[info] 
[info] Waiting for authentication...
[debug] [2023-03-26T00:01:40.083Z] >>> [apiv2][query] POST https://github.com/login/oauth/access_token [none]
[debug] [2023-03-26T00:01:40.084Z] >>> [apiv2][body] POST https://github.com/login/oauth/access_token [stream]
[debug] [2023-03-26T00:01:40.405Z] <<< [apiv2][status] POST https://github.com/login/oauth/access_token 200
[debug] [2023-03-26T00:01:40.405Z] <<< [apiv2][body] POST https://github.com/login/oauth/access_token {"access_token":"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","token_type":"bearer","scope":"read:user,repo"}
[debug] [2023-03-26T00:01:40.412Z] >>> [apiv2][query] GET https://api.github.com/user [none]
[debug] [2023-03-26T00:01:40.756Z] <<< [apiv2][status] GET https://api.github.com/user 200
[debug] [2023-03-26T00:01:40.757Z] <<< [apiv2][body] GET https://api.github.com/user {"login":"Crazy-pro","id":43732145,"node_id":"MDQ6VXNlcjQzNzMyMTQ1","avatar_url":"https://avatars.githubusercontent.com/u/43732145?v=4","gravatar_id":"","url":"https://api.github.com/users/Crazy-pro","html_url":"https://github.com/Crazy-pro","followers_url":"https://api.github.com/users/Crazy-pro/followers","following_url":"https://api.github.com/users/Crazy-pro/following{/other_user}","gists_url":"https://api.github.com/users/Crazy-pro/gists{/gist_id}","starred_url":"https://api.github.com/users/Crazy-pro/starred{/owner}{/repo}","subscriptions_url":"https://api.github.com/users/Crazy-pro/subscriptions","organizations_url":"https://api.github.com/users/Crazy-pro/orgs","repos_url":"https://api.github.com/users/Crazy-pro/repos","events_url":"https://api.github.com/users/Crazy-pro/events{/privacy}","received_events_url":"https://api.github.com/users/Crazy-pro/received_events","type":"User","site_admin":false,"name":"Alex Klimchuk","company":null,"blog":"","location":"Poland","email":null,"hireable":true,"bio":"Java Developer","twitter_username":null,"public_repos":19,"public_gists":0,"followers":1,"following":1,"created_at":"2018-09-30T21:25:15Z","updated_at":"2023-03-26T00:01:30Z","private_gists":0,"total_private_repos":0,"owned_private_repos":0,"disk_usage":5077,"collaborators":0,"two_factor_authentication":false,"plan":{"name":"free","space":976562499,"collaborators":0,"private_repos":10000}}
[info] 
[info] +  Success! Logged into GitHub as Crazy-pro 
[info] 
